# JRE version: OpenJDK Runtime Environment (8.0_76-b03) (build 1.8.0_76-release-b03)
# Java VM: OpenJDK 64-Bit Server VM (25.76-b03 mixed mode windows-amd64 compressed oops)
Heap:
 PSYoungGen      total 71168K, used 26293K [0x00000000e0000000, 0x00000000e5f00000, 0x0000000100000000)
  eden space 61440K, 27% used [0x00000000e0000000,0x00000000e105ac78,0x00000000e3c00000)
  from space 9728K, 98% used [0x00000000e3c00000,0x00000000e4552808,0x00000000e4580000)
  to   space 10752K, 64% used [0x00000000e5480000,0x00000000e5b50010,0x00000000e5f00000)
 ParOldGen       total 68096K, used 8765K [0x00000000a0000000, 0x00000000a4280000, 0x00000000e0000000)
  object space 68096K, 12% used [0x00000000a0000000,0x00000000a088f778,0x00000000a4280000)
 Metaspace       used 34629K, capacity 35318K, committed 35496K, reserved 1079296K
  class space    used 4670K, capacity 4852K, committed 4912K, reserved 1048576K
GC Heap History (10 events):
Event: 2.380 GC heap after
Heap after GC invocations=6 (full 1):
 PSYoungGen      total 38400K, used 4608K [0x00000000e0000000, 0x00000000e4280000, 0x0000000100000000)
  eden space 33280K, 0% used [0x00000000e0000000,0x00000000e0000000,0x00000000e2080000)
  from space 5120K, 90% used [0x00000000e2080000,0x00000000e2500210,0x00000000e2580000)
  to   space 10752K, 0% used [0x00000000e3800000,0x00000000e3800000,0x00000000e4280000)
 ParOldGen       total 68096K, used 8661K [0x00000000a0000000, 0x00000000a4280000, 0x00000000e0000000)
  object space 68096K, 12% used [0x00000000a0000000,0x00000000a0875750,0x00000000a4280000)
 Metaspace       used 23413K, capacity 23978K, committed 24112K, reserved 1071104K
  class space    used 3141K, capacity 3316K, committed 3376K, reserved 1048576K
}
Event: 2.680 GC heap before
{Heap before GC invocations=7 (full 1):
 PSYoungGen      total 38400K, used 37888K [0x00000000e0000000, 0x00000000e4280000, 0x0000000100000000)
  eden space 33280K, 100% used [0x00000000e0000000,0x00000000e2080000,0x00000000e2080000)
  from space 5120K, 90% used [0x00000000e2080000,0x00000000e2500210,0x00000000e2580000)
  to   space 10752K, 0% used [0x00000000e3800000,0x00000000e3800000,0x00000000e4280000)
 ParOldGen       total 68096K, used 8661K [0x00000000a0000000, 0x00000000a4280000, 0x00000000e0000000)
  object space 68096K, 12% used [0x00000000a0000000,0x00000000a0875750,0x00000000a4280000)
 Metaspace       used 25939K, capacity 26552K, committed 26800K, reserved 1073152K
  class space    used 3574K, capacity 3744K, committed 3760K, reserved 1048576K
Event: 2.684 GC heap after
Heap after GC invocations=7 (full 1):
 PSYoungGen      total 56320K, used 5327K [0x00000000e0000000, 0x00000000e4180000, 0x0000000100000000)
  eden space 46592K, 0% used [0x00000000e0000000,0x00000000e0000000,0x00000000e2d80000)
  from space 9728K, 54% used [0x00000000e3800000,0x00000000e3d33c00,0x00000000e4180000)
  to   space 10240K, 0% used [0x00000000e2d80000,0x00000000e2d80000,0x00000000e3780000)
 ParOldGen       total 68096K, used 8661K [0x00000000a0000000, 0x00000000a4280000, 0x00000000e0000000)
  object space 68096K, 12% used [0x00000000a0000000,0x00000000a0875750,0x00000000a4280000)
 Metaspace       used 25939K, capacity 26552K, committed 26800K, reserved 1073152K
  class space    used 3574K, capacity 3744K, committed 3760K, reserved 1048576K
}
Event: 3.209 GC heap before
{Heap before GC invocations=8 (full 1):
 PSYoungGen      total 56320K, used 51919K [0x00000000e0000000, 0x00000000e4180000, 0x0000000100000000)
  eden space 46592K, 100% used [0x00000000e0000000,0x00000000e2d80000,0x00000000e2d80000)
  from space 9728K, 54% used [0x00000000e3800000,0x00000000e3d33c00,0x00000000e4180000)
  to   space 10240K, 0% used [0x00000000e2d80000,0x00000000e2d80000,0x00000000e3780000)
 ParOldGen       total 68096K, used 8661K [0x00000000a0000000, 0x00000000a4280000, 0x00000000e0000000)
  object space 68096K, 12% used [0x00000000a0000000,0x00000000a0875750,0x00000000a4280000)
 Metaspace       used 28097K, capacity 28688K, committed 28848K, reserved 1075200K
  class space    used 3856K, capacity 4004K, committed 4016K, reserved 1048576K
Event: 3.213 GC heap after
Heap after GC invocations=8 (full 1):
 PSYoungGen      total 56832K, used 5399K [0x00000000e0000000, 0x00000000e5280000, 0x0000000100000000)
  eden space 46592K, 0% used [0x00000000e0000000,0x00000000e0000000,0x00000000e2d80000)
  from space 10240K, 52% used [0x00000000e2d80000,0x00000000e32c5d40,0x00000000e3780000)
  to   space 10240K, 0% used [0x00000000e4880000,0x00000000e4880000,0x00000000e5280000)
 ParOldGen       total 68096K, used 8669K [0x00000000a0000000, 0x00000000a4280000, 0x00000000e0000000)
  object space 68096K, 12% used [0x00000000a0000000,0x00000000a0877750,0x00000000a4280000)
 Metaspace       used 28097K, capacity 28688K, committed 28848K, reserved 1075200K
  class space    used 3856K, capacity 4004K, committed 4016K, reserved 1048576K
}
Event: 4.654 GC heap before
{Heap before GC invocations=9 (full 1):
 PSYoungGen      total 56832K, used 51991K [0x00000000e0000000, 0x00000000e5280000, 0x0000000100000000)
  eden space 46592K, 100% used [0x00000000e0000000,0x00000000e2d80000,0x00000000e2d80000)
  from space 10240K, 52% used [0x00000000e2d80000,0x00000000e32c5d40,0x00000000e3780000)
  to   space 10240K, 0% used [0x00000000e4880000,0x00000000e4880000,0x00000000e5280000)
 ParOldGen       total 68096K, used 8669K [0x00000000a0000000, 0x00000000a4280000, 0x00000000e0000000)
  object space 68096K, 12% used [0x00000000a0000000,0x00000000a0877750,0x00000000a4280000)
 Metaspace       used 28622K, capacity 29200K, committed 29488K, reserved 1075200K
  class space    used 3890K, capacity 4068K, committed 4144K, reserved 1048576K
Event: 4.657 GC heap after
Heap after GC invocations=9 (full 1):
 PSYoungGen      total 68096K, used 4564K [0x00000000e0000000, 0x00000000e4f00000, 0x0000000100000000)
  eden space 61440K, 0% used [0x00000000e0000000,0x00000000e0000000,0x00000000e3c00000)
  from space 6656K, 68% used [0x00000000e4880000,0x00000000e4cf5030,0x00000000e4f00000)
  to   space 9728K, 0% used [0x00000000e3c00000,0x00000000e3c00000,0x00000000e4580000)
 ParOldGen       total 68096K, used 8677K [0x00000000a0000000, 0x00000000a4280000, 0x00000000e0000000)
  object space 68096K, 12% used [0x00000000a0000000,0x00000000a0879750,0x00000000a4280000)
 Metaspace       used 28622K, capacity 29200K, committed 29488K, reserved 1075200K
  class space    used 3890K, capacity 4068K, committed 4144K, reserved 1048576K
}
Event: 5.050 GC heap before
{Heap before GC invocations=10 (full 1):
 PSYoungGen      total 68096K, used 66004K [0x00000000e0000000, 0x00000000e4f00000, 0x0000000100000000)
  eden space 61440K, 100% used [0x00000000e0000000,0x00000000e3c00000,0x00000000e3c00000)
  from space 6656K, 68% used [0x00000000e4880000,0x00000000e4cf5030,0x00000000e4f00000)
  to   space 9728K, 0% used [0x00000000e3c00000,0x00000000e3c00000,0x00000000e4580000)
 ParOldGen       total 68096K, used 8677K [0x00000000a0000000, 0x00000000a4280000, 0x00000000e0000000)
  object space 68096K, 12% used [0x00000000a0000000,0x00000000a0879750,0x00000000a4280000)
 Metaspace       used 32941K, capacity 33682K, committed 33840K, reserved 1079296K
  class space    used 4444K, capacity 4654K, committed 4656K, reserved 1048576K
Event: 5.057 GC heap after
Heap after GC invocations=10 (full 1):
 PSYoungGen      total 71168K, used 9546K [0x00000000e0000000, 0x00000000e5f00000, 0x0000000100000000)
  eden space 61440K, 0% used [0x00000000e0000000,0x00000000e0000000,0x00000000e3c00000)
  from space 9728K, 98% used [0x00000000e3c00000,0x00000000e4552808,0x00000000e4580000)
  to   space 10752K, 0% used [0x00000000e5480000,0x00000000e5480000,0x00000000e5f00000)
 ParOldGen       total 68096K, used 8685K [0x00000000a0000000, 0x00000000a4280000, 0x00000000e0000000)
  object space 68096K, 12% used [0x00000000a0000000,0x00000000a087b750,0x00000000a4280000)
 Metaspace       used 32941K, capacity 33682K, committed 33840K, reserved 1079296K
  class space    used 4444K, capacity 4654K, committed 4656K, reserved 1048576K
}
Event: 5.190 GC heap before
{Heap before GC invocations=11 (full 1):
 PSYoungGen      total 71168K, used 26293K [0x00000000e0000000, 0x00000000e5f00000, 0x0000000100000000)
  eden space 61440K, 27% used [0x00000000e0000000,0x00000000e105ac78,0x00000000e3c00000)
  from space 9728K, 98% used [0x00000000e3c00000,0x00000000e4552808,0x00000000e4580000)
  to   space 10752K, 0% used [0x00000000e5480000,0x00000000e5480000,0x00000000e5f00000)
 ParOldGen       total 68096K, used 8685K [0x00000000a0000000, 0x00000000a4280000, 0x00000000e0000000)
  object space 68096K, 12% used [0x00000000a0000000,0x00000000a087b750,0x00000000a4280000)
 Metaspace       used 34629K, capacity 35318K, committed 35496K, reserved 1079296K
  class space    used 4670K, capacity 4852K, committed 4912K, reserved 1048576K

